2020-09-10 18:48:31.901  INFO 17832 --- [restartedMain] c.m.levenya_back.LevenyaApplication      : Starting LevenyaApplication on DESKTOP-09S58OH with PID 17832 (C:\Users\sasha\Desktop\LevenyaBack\Levenya_Back\target\classes started by sasha in C:\Users\sasha\Desktop\LevenyaBack\Levenya_Back)
2020-09-10 18:48:31.908  INFO 17832 --- [restartedMain] c.m.levenya_back.LevenyaApplication      : No active profile set, falling back to default profiles: default
2020-09-10 18:48:32.024  INFO 17832 --- [restartedMain] o.s.b.devtools.restart.ChangeableUrls    : The Class-Path manifest attribute in C:\Users\sasha\.m2\repository\com\sun\xml\bind\jaxb-impl\2.1.3\jaxb-impl-2.1.3.jar referenced one or more files that do not exist: file:/C:/Users/sasha/.m2/repository/com/sun/xml/bind/jaxb-impl/2.1.3/jaxb-api.jar,file:/C:/Users/sasha/.m2/repository/com/sun/xml/bind/jaxb-impl/2.1.3/activation.jar,file:/C:/Users/sasha/.m2/repository/com/sun/xml/bind/jaxb-impl/2.1.3/jsr173_1.0_api.jar,file:/C:/Users/sasha/.m2/repository/com/sun/xml/bind/jaxb-impl/2.1.3/jaxb1-impl.jar
2020-09-10 18:48:32.026  INFO 17832 --- [restartedMain] .e.DevToolsPropertyDefaultsPostProcessor : Devtools property defaults active! Set 'spring.devtools.add-properties' to 'false' to disable
2020-09-10 18:48:32.026  INFO 17832 --- [restartedMain] .e.DevToolsPropertyDefaultsPostProcessor : For additional web related logging consider setting the 'logging.level.web' property to 'DEBUG'
2020-09-10 18:48:33.313  INFO 17832 --- [restartedMain] .s.d.r.c.RepositoryConfigurationDelegate : Bootstrapping Spring Data JDBC repositories in DEFAULT mode.
2020-09-10 18:48:33.339  INFO 17832 --- [restartedMain] .s.d.r.c.RepositoryConfigurationDelegate : Finished Spring Data repository scanning in 19ms. Found 0 JDBC repository interfaces.
2020-09-10 18:48:35.120  INFO 17832 --- [restartedMain] o.s.b.w.embedded.tomcat.TomcatWebServer  : Tomcat initialized with port(s): 8080 (http)
2020-09-10 18:48:35.138  INFO 17832 --- [restartedMain] o.apache.catalina.core.StandardService   : Starting service [Tomcat]
2020-09-10 18:48:35.139  INFO 17832 --- [restartedMain] org.apache.catalina.core.StandardEngine  : Starting Servlet engine: [Apache Tomcat/9.0.37]
2020-09-10 18:48:35.339  INFO 17832 --- [restartedMain] o.a.c.c.C.[Tomcat].[localhost].[/]       : Initializing Spring embedded WebApplicationContext
2020-09-10 18:48:35.339  INFO 17832 --- [restartedMain] w.s.c.ServletWebServerApplicationContext : Root WebApplicationContext: initialization completed in 3312 ms
2020-09-10 18:48:35.841  INFO 17832 --- [restartedMain] o.s.s.concurrent.ThreadPoolTaskExecutor  : Initializing ExecutorService 'applicationTaskExecutor'
2020-09-10 18:48:36.092  WARN 17832 --- [restartedMain] ion$DefaultTemplateResolverConfiguration : Cannot find template location: classpath:/templates/ (please add some templates or check your Thymeleaf configuration)
2020-09-10 18:48:36.375  INFO 17832 --- [restartedMain] com.zaxxer.hikari.HikariDataSource       : HikariPool-1 - Starting...
2020-09-10 18:48:38.378  INFO 17832 --- [restartedMain] com.zaxxer.hikari.HikariDataSource       : HikariPool-1 - Start completed.
2020-09-10 18:48:38.749  INFO 17832 --- [restartedMain] .s.s.UserDetailsServiceAutoConfiguration : 

Using generated security password: e13ac7a5-e317-4f18-82be-e8f7cd7d587e

2020-09-10 18:48:38.950  INFO 17832 --- [restartedMain] o.s.s.web.DefaultSecurityFilterChain     : Creating filter chain: any request, [org.springframework.security.web.context.request.async.WebAsyncManagerIntegrationFilter@5a347243, org.springframework.security.web.context.SecurityContextPersistenceFilter@718cc611, org.springframework.security.web.header.HeaderWriterFilter@2a54e65b, org.springframework.security.web.csrf.CsrfFilter@1a344066, org.springframework.security.web.authentication.logout.LogoutFilter@667d9155, org.springframework.security.web.authentication.UsernamePasswordAuthenticationFilter@72798e5d, org.springframework.security.web.authentication.ui.DefaultLoginPageGeneratingFilter@7c6bf25c, org.springframework.security.web.authentication.ui.DefaultLogoutPageGeneratingFilter@423b87a5, org.springframework.security.web.authentication.www.BasicAuthenticationFilter@7e8813db, org.springframework.security.web.savedrequest.RequestCacheAwareFilter@2a15b2a2, org.springframework.security.web.servletapi.SecurityContextHolderAwareRequestFilter@1eb54620, org.springframework.security.web.authentication.AnonymousAuthenticationFilter@754959e0, org.springframework.security.web.session.SessionManagementFilter@66b8e1fb, org.springframework.security.web.access.ExceptionTranslationFilter@3645522f, org.springframework.security.web.access.intercept.FilterSecurityInterceptor@37584ba2]
2020-09-10 18:48:39.020  INFO 17832 --- [restartedMain] o.s.b.d.a.OptionalLiveReloadServer       : LiveReload server is running on port 35729
2020-09-10 18:48:39.638  INFO 17832 --- [restartedMain] o.s.b.w.embedded.tomcat.TomcatWebServer  : Tomcat started on port(s): 8080 (http) with context path ''
2020-09-10 18:48:39.658  INFO 17832 --- [restartedMain] c.m.levenya_back.LevenyaApplication      : Started LevenyaApplication in 8.46 seconds (JVM running for 9.442)
2020-09-10 18:49:02.799  INFO 17832 --- [http-nio-8080-exec-1] o.a.c.c.C.[Tomcat].[localhost].[/]       : Initializing Spring DispatcherServlet 'dispatcherServlet'
2020-09-10 18:49:02.800  INFO 17832 --- [http-nio-8080-exec-1] o.s.web.servlet.DispatcherServlet        : Initializing Servlet 'dispatcherServlet'
2020-09-10 18:49:02.813  INFO 17832 --- [http-nio-8080-exec-1] o.s.web.servlet.DispatcherServlet        : Completed initialization in 13 ms
2020-09-10 18:49:03.489  WARN 17832 --- [http-nio-8080-exec-1] o.a.c.util.SessionIdGeneratorBase        : Creation of SecureRandom instance for session ID generation using [SHA1PRNG] took [562] milliseconds.
2020-09-10 18:51:15.749  INFO 16872 --- [restartedMain] c.m.levenya_back.LevenyaApplication      : Starting LevenyaApplication on DESKTOP-09S58OH with PID 16872 (C:\Users\sasha\Desktop\LevenyaBack\Levenya_Back\target\classes started by sasha in C:\Users\sasha\Desktop\LevenyaBack\Levenya_Back)
2020-09-10 18:51:15.755  INFO 16872 --- [restartedMain] c.m.levenya_back.LevenyaApplication      : No active profile set, falling back to default profiles: default
2020-09-10 18:51:15.922  INFO 16872 --- [restartedMain] o.s.b.devtools.restart.ChangeableUrls    : The Class-Path manifest attribute in C:\Users\sasha\.m2\repository\com\sun\xml\bind\jaxb-impl\2.1.3\jaxb-impl-2.1.3.jar referenced one or more files that do not exist: file:/C:/Users/sasha/.m2/repository/com/sun/xml/bind/jaxb-impl/2.1.3/jaxb-api.jar,file:/C:/Users/sasha/.m2/repository/com/sun/xml/bind/jaxb-impl/2.1.3/activation.jar,file:/C:/Users/sasha/.m2/repository/com/sun/xml/bind/jaxb-impl/2.1.3/jsr173_1.0_api.jar,file:/C:/Users/sasha/.m2/repository/com/sun/xml/bind/jaxb-impl/2.1.3/jaxb1-impl.jar
2020-09-10 18:51:15.923  INFO 16872 --- [restartedMain] .e.DevToolsPropertyDefaultsPostProcessor : Devtools property defaults active! Set 'spring.devtools.add-properties' to 'false' to disable
2020-09-10 18:51:15.924  INFO 16872 --- [restartedMain] .e.DevToolsPropertyDefaultsPostProcessor : For additional web related logging consider setting the 'logging.level.web' property to 'DEBUG'
2020-09-10 18:51:17.477  INFO 16872 --- [restartedMain] .s.d.r.c.RepositoryConfigurationDelegate : Bootstrapping Spring Data JDBC repositories in DEFAULT mode.
2020-09-10 18:51:17.505  INFO 16872 --- [restartedMain] .s.d.r.c.RepositoryConfigurationDelegate : Finished Spring Data repository scanning in 20ms. Found 0 JDBC repository interfaces.
2020-09-10 18:51:19.326  INFO 16872 --- [restartedMain] o.s.b.w.embedded.tomcat.TomcatWebServer  : Tomcat initialized with port(s): 8080 (http)
2020-09-10 18:51:19.350  INFO 16872 --- [restartedMain] o.apache.catalina.core.StandardService   : Starting service [Tomcat]
2020-09-10 18:51:19.351  INFO 16872 --- [restartedMain] org.apache.catalina.core.StandardEngine  : Starting Servlet engine: [Apache Tomcat/9.0.37]
2020-09-10 18:51:19.573  INFO 16872 --- [restartedMain] o.a.c.c.C.[Tomcat].[localhost].[/]       : Initializing Spring embedded WebApplicationContext
2020-09-10 18:51:19.574  INFO 16872 --- [restartedMain] w.s.c.ServletWebServerApplicationContext : Root WebApplicationContext: initialization completed in 3650 ms
2020-09-10 18:51:20.097  INFO 16872 --- [restartedMain] o.s.s.concurrent.ThreadPoolTaskExecutor  : Initializing ExecutorService 'applicationTaskExecutor'
2020-09-10 18:51:20.410  WARN 16872 --- [restartedMain] ion$DefaultTemplateResolverConfiguration : Cannot find template location: classpath:/templates/ (please add some templates or check your Thymeleaf configuration)
2020-09-10 18:51:20.766  INFO 16872 --- [restartedMain] com.zaxxer.hikari.HikariDataSource       : HikariPool-1 - Starting...
2020-09-10 18:51:22.391  INFO 16872 --- [restartedMain] com.zaxxer.hikari.HikariDataSource       : HikariPool-1 - Start completed.
2020-09-10 18:51:22.769  INFO 16872 --- [restartedMain] .s.s.UserDetailsServiceAutoConfiguration : 

Using generated security password: a2870156-0504-40b8-93ef-9fdd10731a7c

2020-09-10 18:51:22.992  INFO 16872 --- [restartedMain] o.s.s.web.DefaultSecurityFilterChain     : Creating filter chain: any request, [org.springframework.security.web.context.request.async.WebAsyncManagerIntegrationFilter@56adba9f, org.springframework.security.web.context.SecurityContextPersistenceFilter@483e151, org.springframework.security.web.header.HeaderWriterFilter@607c30c1, org.springframework.security.web.csrf.CsrfFilter@6dbf64fd, org.springframework.security.web.authentication.logout.LogoutFilter@5c2f67d8, org.springframework.security.web.authentication.UsernamePasswordAuthenticationFilter@5d8d7712, org.springframework.security.web.authentication.ui.DefaultLoginPageGeneratingFilter@5982165c, org.springframework.security.web.authentication.ui.DefaultLogoutPageGeneratingFilter@57b37f0f, org.springframework.security.web.authentication.www.BasicAuthenticationFilter@296470d8, org.springframework.security.web.savedrequest.RequestCacheAwareFilter@6f0a98be, org.springframework.security.web.servletapi.SecurityContextHolderAwareRequestFilter@2a113993, org.springframework.security.web.authentication.AnonymousAuthenticationFilter@246eb907, org.springframework.security.web.session.SessionManagementFilter@52fddce8, org.springframework.security.web.access.ExceptionTranslationFilter@6f0a53a2, org.springframework.security.web.access.intercept.FilterSecurityInterceptor@39b551ed]
2020-09-10 18:51:23.059  INFO 16872 --- [restartedMain] o.s.b.d.a.OptionalLiveReloadServer       : LiveReload server is running on port 35729
2020-09-10 18:51:23.668  INFO 16872 --- [restartedMain] o.s.b.w.embedded.tomcat.TomcatWebServer  : Tomcat started on port(s): 8080 (http) with context path ''
2020-09-10 18:51:23.688  INFO 16872 --- [restartedMain] c.m.levenya_back.LevenyaApplication      : Started LevenyaApplication in 8.802 seconds (JVM running for 9.803)
2020-09-10 18:51:55.782  INFO 16872 --- [http-nio-8080-exec-1] o.a.c.c.C.[Tomcat].[localhost].[/]       : Initializing Spring DispatcherServlet 'dispatcherServlet'
2020-09-10 18:51:55.783  INFO 16872 --- [http-nio-8080-exec-1] o.s.web.servlet.DispatcherServlet        : Initializing Servlet 'dispatcherServlet'
2020-09-10 18:51:55.797  INFO 16872 --- [http-nio-8080-exec-1] o.s.web.servlet.DispatcherServlet        : Completed initialization in 14 ms
2020-09-10 18:51:56.434  WARN 16872 --- [http-nio-8080-exec-1] o.a.c.util.SessionIdGeneratorBase        : Creation of SecureRandom instance for session ID generation using [SHA1PRNG] took [551] milliseconds.
